SF:lib/app/data/http/http.dart
DA:17,2
DA:29,1
DA:40,1
DA:44,1
DA:46,2
DA:49,1
DA:50,3
DA:52,1
DA:53,1
DA:54,1
DA:56,1
DA:61,1
DA:62,1
DA:63,1
DA:66,1
DA:67,1
DA:68,1
DA:69,1
DA:74,1
DA:75,3
DA:77,1
DA:78,1
DA:79,1
DA:84,1
DA:86,0
DA:87,0
DA:88,0
DA:93,0
DA:95,0
DA:96,0
DA:97,0
DA:102,0
DA:104,0
DA:105,0
DA:106,0
DA:111,0
DA:115,1
DA:116,1
DA:117,1
DA:119,1
DA:121,3
DA:122,1
DA:123,1
DA:126,2
DA:127,1
DA:128,1
DA:134,1
DA:135,1
DA:142,0
DA:144,0
DA:146,0
DA:147,0
DA:149,0
DA:151,0
DA:152,0
DA:153,0
DA:158,0
DA:159,0
DA:164,1
DA:166,3
DA:168,1
LF:61
LH:39
end_of_record
SF:lib/app/data/http/failure.dart
DA:4,1
LF:1
LH:1
end_of_record
SF:lib/app/data/http/logs.dart
DA:3,1
DA:7,2
DA:8,1
DA:9,0
DA:10,0
DA:13,1
DA:17,1
DA:20,1
LF:8
LH:6
end_of_record
SF:lib/app/data/http/parse_response_body.dart
DA:4,1
DA:6,1
LF:2
LH:2
end_of_record
SF:lib/app/data/repositories_implementation/account_repository_impl.dart
DA:10,1
DA:17,1
DA:19,2
DA:20,2
DA:23,2
DA:24,2
DA:30,1
DA:34,2
DA:37,1
DA:43,2
LF:10
LH:10
end_of_record
SF:lib/app/data/services/local/session_service.dart
DA:7,2
DA:11,2
DA:12,4
DA:15,1
DA:16,2
DA:19,0
DA:20,0
DA:26,1
DA:27,2
DA:33,0
DA:34,0
LF:11
LH:7
end_of_record
SF:lib/app/data/services/remote/account_api.dart
DA:10,2
DA:18,1
DA:19,2
DA:21,1
DA:24,1
DA:25,1
DA:28,1
DA:29,0
DA:30,1
DA:34,1
DA:37,2
DA:38,2
DA:39,2
DA:40,2
DA:41,1
DA:45,1
DA:46,1
DA:47,1
DA:48,1
DA:49,2
DA:50,1
DA:51,2
DA:53,2
DA:56,1
DA:57,1
DA:62,1
DA:64,2
DA:68,1
DA:73,2
DA:74,2
DA:75,2
DA:76,1
DA:77,1
DA:80,1
DA:81,1
DA:86,1
DA:89,1
DA:91,2
LF:38
LH:37
end_of_record
SF:lib/app/domain/models/media/media.dart
DA:39,2
DA:42,1
DA:43,1
DA:46,1
DA:47,1
DA:50,0
DA:52,0
DA:53,0
DA:54,0
DA:55,0
DA:56,0
DA:58,0
DA:59,0
DA:61,0
LF:14
LH:5
end_of_record
SF:lib/app/domain/models/media/media.g.dart
DA:9,2
DA:10,1
DA:11,1
DA:12,1
DA:13,1
DA:14,1
DA:15,1
DA:16,2
DA:17,2
DA:20,0
DA:21,0
DA:22,0
DA:23,0
DA:24,0
DA:25,0
DA:26,0
DA:27,0
DA:28,0
LF:18
LH:9
end_of_record
SF:lib/app/domain/models/user/user.dart
DA:21,1
DA:23,0
DA:24,0
DA:27,2
DA:30,1
DA:31,1
LF:6
LH:4
end_of_record
SF:lib/app/domain/models/user/user.g.dart
DA:9,2
DA:10,1
DA:11,1
DA:12,2
DA:15,0
DA:16,0
DA:17,0
DA:18,0
LF:8
LH:4
end_of_record
SF:lib/app/data/services/utils/handle_failure.dart
DA:5,1
DA:6,1
DA:7,1
DA:9,1
DA:10,1
DA:11,1
DA:12,1
DA:14,0
DA:15,0
DA:17,0
DA:18,1
DA:19,1
LF:12
LH:9
end_of_record
SF:lib/app/presentation/service_locator/service_locator.dart
DA:2,1
DA:4,3
DA:6,2
DA:10,1
DA:11,2
DA:14,1
DA:15,3
DA:20,1
DA:21,1
DA:22,3
DA:23,2
DA:26,1
DA:27,2
LF:13
LH:13
end_of_record
SF:lib/app/data/repositories_implementation/authentication_repository_impl.dart
DA:10,1
DA:20,1
DA:22,2
DA:26,0
DA:31,0
DA:32,0
DA:33,0
DA:34,0
DA:35,0
DA:41,0
DA:42,0
DA:43,0
DA:44,0
DA:48,0
DA:49,0
DA:50,0
DA:51,0
DA:53,0
DA:56,0
DA:57,0
DA:61,0
DA:70,0
DA:72,0
LF:23
LH:3
end_of_record
SF:lib/app/data/services/remote/authentication_api.dart
DA:6,1
DA:10,0
DA:11,0
DA:12,0
DA:13,0
DA:14,0
DA:15,0
DA:16,0
DA:17,0
DA:21,0
DA:22,0
DA:24,0
DA:25,0
DA:26,0
DA:29,0
DA:30,0
DA:35,0
DA:36,0
DA:37,0
DA:40,0
DA:41,0
DA:45,0
DA:46,0
DA:48,0
DA:50,0
DA:53,0
DA:54,0
DA:55,0
DA:61,0
DA:66,0
DA:69,0
DA:74,0
DA:76,0
DA:80,0
DA:81,0
DA:82,0
DA:88,0
DA:91,0
DA:94,0
DA:97,0
DA:99,0
DA:103,0
DA:104,0
DA:105,0
LF:44
LH:1
end_of_record
